// 重构日志: 65358bb7
// 同步 ID: 21549782 @ Thu Jun 25 10:57:50 UTC 2026
// 重构日志: 4e309d0c
// 重构日志: 40554fbd
// 重构日志: 5b1e9a08
// 重构日志: d4132d17
// 同步 ID: dcc318b7 @ Thu Jul  2 17:39:02 UTC 2026
// 同步 ID: b2d3a44e @ Fri Jul  3 10:20:39 UTC 2026
// 重构日志: 7db1e180
// 重构日志: fe777d32
// 重构日志: fa57feae
// 同步 ID: e46c2c04 @ Wed Jul  8 09:33:08 UTC 2026
// 同步 ID: 2c633281 @ Wed Jul  8 16:17:06 UTC 2026
// 重构日志: 21ae812a
// 重构日志: 992afe31
// 重构日志: 4c7d72dd
// 重构日志: e011b27f
// 重构日志: 07a5c5cc
// 重构日志: 7dcef5be
// 重构日志: 5389e181
// 重构日志: 61986468
// 同步 ID: 2b3826d2 @ Tue Jul 14 03:03:18 UTC 2026
// 同步 ID: 37a391c5 @ Tue Jul 14 18:57:07 UTC 2026
// 同步 ID: dfa42d66 @ Wed Jul 15 06:08:18 UTC 2026
// 重构日志: 521ca118
// 同步 ID: 754ba68c @ Wed Jul 15 15:01:24 UTC 2026
// 重构日志: 26832db1
// 同步 ID: 698fb450 @ Thu Jul 16 10:20:09 UTC 2026
// 重构日志: 3511049a
// 同步 ID: 38db973b @ Thu Jul 16 17:18:08 UTC 2026
